<?xml version="1.0" encoding="UTF-8"?>
<!-- Generated by org.testng.reporters.JUnitReportReporter -->
<testsuite skipped="0" hostname="DESKTOP-27L8JE7" name="com.excelLibraries.TC_004" tests="3" failures="0" timestamp="13 Jan 2020 01:52:55 GMT" time="0.028" errors="0">
  <testcase name="f" time="0.010" classname="com.excelLibraries.TC_004"/>
  <testcase name="f" time="0.002" classname="com.excelLibraries.TC_004"/>
  <testcase name="f" time="0.016" classname="com.excelLibraries.TC_004"/>
</testsuite> <!-- com.excelLibraries.TC_004 -->
