<?xml version="1.0" encoding="UTF-8"?>
<!-- Generated by org.testng.reporters.JUnitReportReporter -->
<testsuite skipped="0" hostname="DESKTOP-27L8JE7" name="com.frames.FrameDemo" tests="1" failures="0" timestamp="2020-01-27T06:55:12 IST" time="16.235" errors="0">
  <testcase name="frame" time="16.235" classname="com.frames.FrameDemo"/>
</testsuite> <!-- com.frames.FrameDemo -->
