<?xml version="1.0" encoding="UTF-8"?>
<!-- Generated by org.testng.reporters.JUnitReportReporter -->
<testsuite skipped="1" hostname="DESKTOP-27L8JE7" name="com.POM.POM_002" tests="2" failures="0" timestamp="23 Jan 2020 01:55:12 GMT" time="8.336" errors="0">
  <testcase name="registration" time="8.336" classname="com.POM.POM_002"/>
  <testcase name="login" classname="com.POM.POM_002">
    <skipped/>
  </testcase> <!-- login -->
</testsuite> <!-- com.POM.POM_002 -->
