<?xml version="1.0" encoding="UTF-8"?>
<!-- Generated by org.testng.reporters.JUnitReportReporter -->
<testsuite skipped="0" hostname="DESKTOP-27L8JE7" name="com.excelLibraries.TestA" tests="2" failures="0" timestamp="2020-01-31T12:08:22 IST" time="0.022" errors="0">
  <testcase name="testB" time="0.001" classname="com.excelLibraries.TestA"/>
  <testcase name="testB" time="0.021" classname="com.excelLibraries.TestA"/>
</testsuite> <!-- com.excelLibraries.TestA -->
