<?xml version="1.0" encoding="UTF-8"?>
<!-- Generated by org.testng.reporters.JUnitReportReporter -->
<testsuite skipped="0" hostname="DESKTOP-27L8JE7" name="com.project.December2019MavenProject.TC_003" tests="1" failures="0" timestamp="02 Jan 2020 01:27:09 GMT" time="4.380" errors="0">
  <testcase name="amazon" time="4.380" classname="com.project.December2019MavenProject.TC_003"/>
</testsuite> <!-- com.project.December2019MavenProject.TC_003 -->
