<?xml version="1.0" encoding="UTF-8"?>
<!-- Generated by org.testng.reporters.JUnitReportReporter -->
<testsuite skipped="0" hostname="DESKTOP-27L8JE7" name="com.excelLibraries.TC_003" tests="3" failures="0" timestamp="2020-01-31T12:30:19 IST" time="0.020" errors="0">
  <testcase name="f" time="0.003" classname="com.excelLibraries.TC_003"/>
  <testcase name="f" time="0.015" classname="com.excelLibraries.TC_003"/>
  <testcase name="f" time="0.002" classname="com.excelLibraries.TC_003"/>
</testsuite> <!-- com.excelLibraries.TC_003 -->
