<?xml version="1.0" encoding="UTF-8"?>
<!-- Generated by org.testng.reporters.JUnitReportReporter -->
<testsuite skipped="0" hostname="DESKTOP-27L8JE7" name="webtables.WebTables" tests="1" failures="0" timestamp="2020-01-29T06:50:37 IST" time="75.330" errors="0">
  <testcase name="dynamicTable" time="75.330" classname="webtables.WebTables"/>
</testsuite> <!-- webtables.WebTables -->
