<?xml version="1.0" encoding="UTF-8"?>
<!-- Generated by org.testng.reporters.JUnitReportReporter -->
<testsuite skipped="6" hostname="DESKTOP-27L8JE7" name="actionsAndJavaScriptExecutors.MouseOperations" tests="7" failures="0" timestamp="2020-01-28T07:03:31 IST" time="20.870" errors="0">
  <testcase name="autoSuggestion" time="20.870" classname="actionsAndJavaScriptExecutors.MouseOperations"/>
  <testcase name="dragAnddrop" classname="actionsAndJavaScriptExecutors.MouseOperations">
    <skipped/>
  </testcase> <!-- dragAnddrop -->
  <testcase name="MoveToelement" classname="actionsAndJavaScriptExecutors.MouseOperations">
    <skipped/>
  </testcase> <!-- MoveToelement -->
  <testcase name="resizeMethod" classname="actionsAndJavaScriptExecutors.MouseOperations">
    <skipped/>
  </testcase> <!-- resizeMethod -->
  <testcase name="slider" classname="actionsAndJavaScriptExecutors.MouseOperations">
    <skipped/>
  </testcase> <!-- slider -->
  <testcase name="Browserslider" classname="actionsAndJavaScriptExecutors.MouseOperations">
    <skipped/>
  </testcase> <!-- Browserslider -->
  <testcase name="rightClickMethod" classname="actionsAndJavaScriptExecutors.MouseOperations">
    <skipped/>
  </testcase> <!-- rightClickMethod -->
</testsuite> <!-- actionsAndJavaScriptExecutors.MouseOperations -->
