<?xml version="1.0" encoding="UTF-8"?>
<!-- Generated by org.testng.reporters.JUnitReportReporter -->
<testsuite skipped="0" hostname="DESKTOP-27L8JE7" name="com.testng.LinksTesting1" tests="1" failures="0" timestamp="2020-02-03T06:45:01 IST" time="15.390" errors="0">
  <testcase name="linktesting1" time="15.390" classname="com.testng.LinksTesting1"/>
</testsuite> <!-- com.testng.LinksTesting1 -->
