<?xml version="1.0" encoding="UTF-8"?>
<!-- Generated by org.testng.reporters.JUnitReportReporter -->
<testsuite skipped="0" hostname="DESKTOP-27L8JE7" name="com.Alerts.FileUpload" tests="1" failures="0" timestamp="24 Jan 2020 01:55:42 GMT" time="15.308" errors="0">
  <testcase name="fileupload" time="15.308" classname="com.Alerts.FileUpload"/>
</testsuite> <!-- com.Alerts.FileUpload -->
