<?xml version="1.0" encoding="UTF-8"?>
<!-- Generated by org.testng.reporters.JUnitReportReporter -->
<testsuite skipped="0" hostname="DESKTOP-27L8JE7" name="com.testng.RadioButton1" tests="1" failures="0" timestamp="03 Jan 2020 01:46:52 GMT" time="17.935" errors="0">
  <testcase name="checkboxTest" time="17.935" classname="com.testng.RadioButton1"/>
</testsuite> <!-- com.testng.RadioButton1 -->
