<?xml version="1.0" encoding="UTF-8"?>
<!-- Generated by org.testng.reporters.JUnitReportReporter -->
<testsuite skipped="0" hostname="DESKTOP-27L8JE7" name="com.Alerts.AlertHandling" tests="1" failures="0" timestamp="24 Jan 2020 01:18:29 GMT" time="18.641" errors="0">
  <testcase name="f" time="18.641" classname="com.Alerts.AlertHandling"/>
</testsuite> <!-- com.Alerts.AlertHandling -->
