<?xml version="1.0" encoding="UTF-8"?>
<!-- Generated by org.testng.reporters.JUnitReportReporter -->
<testsuite skipped="2" hostname="DESKTOP-27L8JE7" name="com.testng.TestDependency" tests="4" failures="0" timestamp="03 Jan 2020 01:59:50 GMT" time="0.042" errors="0">
  <testcase name="orange" time="0.026" classname="com.testng.TestDependency"/>
  <testcase name="white" time="0.004" classname="com.testng.TestDependency"/>
  <testcase name="blue" time="0.012" classname="com.testng.TestDependency">
    <skipped/>
  </testcase> <!-- blue -->
  <testcase name="green" time="0.000" classname="com.testng.TestDependency">
    <skipped/>
  </testcase> <!-- green -->
</testsuite> <!-- com.testng.TestDependency -->
