<?xml version="1.0" encoding="UTF-8"?>
<!-- Generated by org.testng.reporters.JUnitReportReporter -->
<testsuite skipped="0" hostname="DESKTOP-27L8JE7" name="suiteC.TestC1" tests="1" failures="0" timestamp="03 Jan 2020 01:30:45 GMT" time="5.025" errors="0">
  <testcase name="testC1" time="5.025" classname="suiteC.TestC1"/>
</testsuite> <!-- suiteC.TestC1 -->
