<?xml version="1.0" encoding="UTF-8"?>
<!-- Generated by org.testng.reporters.JUnitReportReporter -->
<testsuite skipped="0" hostname="DESKTOP-27L8JE7" name="com.excelLibraries.NewTest" tests="2" failures="0" timestamp="2020-01-31T11:57:45 IST" time="0.035" errors="0">
  <testcase name="f" time="0.034" classname="com.excelLibraries.NewTest"/>
  <testcase name="f" time="0.001" classname="com.excelLibraries.NewTest"/>
</testsuite> <!-- com.excelLibraries.NewTest -->
